2018-01-05 11:49:26 INFO  PhraseFinderMain:60 - 0.70959
2018-01-05 11:49:26 INFO  PhraseFinderMain:62 - What
2018-01-05 11:49:26 INFO  PhraseFinderMain:62 - did
2018-01-05 11:49:26 INFO  PhraseFinderMain:60 - 0.29041
2018-01-05 11:49:26 INFO  PhraseFinderMain:62 - what
2018-01-05 11:49:26 INFO  PhraseFinderMain:62 - did
2018-01-05 11:49:26 INFO  PhraseFinderMain:60 - 0.228031
2018-01-05 11:49:26 INFO  PhraseFinderMain:62 - What
2018-01-05 11:49:26 INFO  PhraseFinderMain:62 - did
2018-01-05 11:49:26 INFO  PhraseFinderMain:62 - you
2018-01-05 11:49:26 INFO  PhraseFinderMain:60 - 0.100409
2018-01-05 11:49:26 INFO  PhraseFinderMain:62 - What
2018-01-05 11:49:26 INFO  PhraseFinderMain:62 - did
2018-01-05 11:49:26 INFO  PhraseFinderMain:62 - he
2018-01-05 11:49:26 INFO  PhraseFinderMain:60 - 0.0738586
2018-01-05 11:49:26 INFO  PhraseFinderMain:62 - what
2018-01-05 11:49:26 INFO  PhraseFinderMain:62 - did
2018-01-05 11:49:26 INFO  PhraseFinderMain:62 - you
2018-01-05 11:49:26 INFO  PhraseFinderMain:60 - 0.0592134
2018-01-05 11:49:26 INFO  PhraseFinderMain:62 - What
2018-01-05 11:49:26 INFO  PhraseFinderMain:62 - did
2018-01-05 11:49:26 INFO  PhraseFinderMain:62 - the
2018-01-05 11:49:26 INFO  PhraseFinderMain:60 - 0.0537374
2018-01-05 11:49:26 INFO  PhraseFinderMain:62 - What
2018-01-05 11:49:26 INFO  PhraseFinderMain:62 - did
2018-01-05 11:49:26 INFO  PhraseFinderMain:62 - you
2018-01-05 11:49:26 INFO  PhraseFinderMain:62 - do
2018-01-05 11:49:26 INFO  PhraseFinderMain:60 - 0.0490949
2018-01-05 11:49:26 INFO  PhraseFinderMain:62 - What
2018-01-05 11:49:26 INFO  PhraseFinderMain:62 - did
2018-01-05 11:49:26 INFO  PhraseFinderMain:62 - I
2018-01-05 11:49:26 INFO  PhraseFinderMain:60 - 0.0439546
2018-01-05 11:49:26 INFO  PhraseFinderMain:62 - What
2018-01-05 11:49:26 INFO  PhraseFinderMain:62 - did
2018-01-05 11:49:26 INFO  PhraseFinderMain:62 - you
2018-01-05 11:49:26 INFO  PhraseFinderMain:62 - say
2018-01-05 11:49:26 INFO  PhraseFinderMain:60 - 0.0420792
2018-01-05 11:49:26 INFO  PhraseFinderMain:62 - What
2018-01-05 11:49:26 INFO  PhraseFinderMain:62 - did
2018-01-05 11:49:26 INFO  PhraseFinderMain:62 - she
2018-01-05 11:51:29 INFO  PhraseFinderMain:60 - 0.224156
2018-01-05 11:51:29 INFO  PhraseFinderMain:65 - Whatdidyousay?
2018-01-05 11:51:29 INFO  PhraseFinderMain:60 - 0.159881
2018-01-05 11:51:29 INFO  PhraseFinderMain:65 - Whatdidhesay?
2018-01-05 11:51:29 INFO  PhraseFinderMain:60 - 0.142156
2018-01-05 11:51:29 INFO  PhraseFinderMain:65 - Whatdidyoudo?
2018-01-05 11:51:29 INFO  PhraseFinderMain:60 - 0.0711747
2018-01-05 11:51:29 INFO  PhraseFinderMain:65 - WhatdidItellyou
2018-01-05 11:51:29 INFO  PhraseFinderMain:60 - 0.0706448
2018-01-05 11:51:29 INFO  PhraseFinderMain:65 - Whatdidyouthinkof
2018-01-05 11:51:29 INFO  PhraseFinderMain:60 - 0.0706043
2018-01-05 11:51:29 INFO  PhraseFinderMain:65 - whatdidyoudo?
2018-01-05 11:51:29 INFO  PhraseFinderMain:60 - 0.0693173
2018-01-05 11:51:29 INFO  PhraseFinderMain:65 - Whatdidshesay?
2018-01-05 11:51:29 INFO  PhraseFinderMain:60 - 0.0645533
2018-01-05 11:51:29 INFO  PhraseFinderMain:65 - Whatdidhedo?
2018-01-05 11:51:29 INFO  PhraseFinderMain:60 - 0.0638614
2018-01-05 11:51:29 INFO  PhraseFinderMain:65 - Whatdidyoudowith
2018-01-05 11:51:29 INFO  PhraseFinderMain:60 - 0.0636519
2018-01-05 11:51:29 INFO  PhraseFinderMain:65 - Whatdidyoudoto
2018-01-05 11:51:30 INFO  PhraseFinderMain:60 - 0.224156
2018-01-05 11:51:30 INFO  PhraseFinderMain:65 - Whatdidyousay?
2018-01-05 11:51:30 INFO  PhraseFinderMain:60 - 0.159881
2018-01-05 11:51:30 INFO  PhraseFinderMain:65 - Whatdidhesay?
2018-01-05 11:51:30 INFO  PhraseFinderMain:60 - 0.142156
2018-01-05 11:51:30 INFO  PhraseFinderMain:65 - Whatdidyoudo?
2018-01-05 11:51:30 INFO  PhraseFinderMain:60 - 0.0711747
2018-01-05 11:51:30 INFO  PhraseFinderMain:65 - WhatdidItellyou
2018-01-05 11:51:30 INFO  PhraseFinderMain:60 - 0.0706448
2018-01-05 11:51:30 INFO  PhraseFinderMain:65 - Whatdidyouthinkof
2018-01-05 11:51:30 INFO  PhraseFinderMain:60 - 0.0706043
2018-01-05 11:51:30 INFO  PhraseFinderMain:65 - whatdidyoudo?
2018-01-05 11:51:30 INFO  PhraseFinderMain:60 - 0.0693173
2018-01-05 11:51:30 INFO  PhraseFinderMain:65 - Whatdidshesay?
2018-01-05 11:51:30 INFO  PhraseFinderMain:60 - 0.0645533
2018-01-05 11:51:30 INFO  PhraseFinderMain:65 - Whatdidhedo?
2018-01-05 11:51:30 INFO  PhraseFinderMain:60 - 0.0638614
2018-01-05 11:51:30 INFO  PhraseFinderMain:65 - Whatdidyoudowith
2018-01-05 11:51:30 INFO  PhraseFinderMain:60 - 0.0636519
2018-01-05 11:51:30 INFO  PhraseFinderMain:65 - Whatdidyoudoto
2019-05-14 17:59:21 INFO  PredictionRetriever:79 - List of words:[I, thought, tha]
2019-05-14 17:59:21 INFO  PredictionRetriever:85 - Words to search with: [I, thought, tha]
2019-05-14 17:59:21 INFO  PredictionRetriever:102 - Searching phrases for query:  I thought tha+
