#
# A fatal error has been detected by the Java Runtime Environment:
#
#  EXCEPTION_UNCAUGHT_CXX_EXCEPTION (0xe06d7363) at pc=0x00007ff857aa4008, pid=6036, tid=0x0000000000002040
#
# JRE version: Java(TM) SE Runtime Environment (8.0_131-b11) (build 1.8.0_131-b11)
# Java VM: Java HotSpot(TM) 64-Bit Server VM (25.131-b11 mixed mode windows-amd64 compressed oops)
# Problematic frame:
# C  [KERNELBASE.dll+0x14008]
#
# Failed to write core dump. Minidumps are not enabled by default on client versions of Windows
#
# If you would like to submit a bug report, please visit:
#   http://bugreport.java.com/bugreport/crash.jsp
# The crash happened outside the Java Virtual Machine in native code.
# See problematic frame for where to report the bug.
#

---------------  T H R E A D  ---------------

Current thread (0x00000000186ba000):  JavaThread "JavaFX Application Thread" [_thread_in_native, id=8256, stack(0x0000000019170000,0x0000000019270000)]

siginfo: ExceptionCode=0xe06d7363, ExceptionInformation=0x0000000019930520 0x000000001926db70 0x000000006abfe0a0 0x000000006aad0000 

Registers:
RAX=0x0000000005eb61bb, RBX=0x000000001926db70, RCX=0x0000000005eb6010, RDX=0x0000000000000000
RSP=0x000000001926d9f0, RBP=0x000000001926db30, RSI=0x0000000024118330, RDI=0x000000006abfe0a0
R8 =0x000000006b7b4e03, R9 =0x000000006b8137e0, R10=0x00000000050e2560, R11=0x0000000000000040
R12=0x0000000000000000, R13=0x00000000f8efffc8, R14=0x00000000e73f3110, R15=0x00000000186ba000
RIP=0x00007ff857aa4008, EFLAGS=0x0000000000000202

Top of Stack: (sp=0x000000001926d9f0)
0x000000001926d9f0:   00000000186ba000 000000001926db70
0x000000001926da00:   0000000024118330 000000006abfe0a0
0x000000001926da10:   00000001e06d7363 0000000000000000
0x000000001926da20:   00007ff857aa4008 0000000000000004
0x000000001926da30:   0000000019930520 000000001926db70
0x000000001926da40:   000000006abfe0a0 000000006aad0000
0x000000001926da50:   0000000000000000 000000006abfe0a0
0x000000001926da60:   0000000024118330 000000001926db40
0x000000001926da70:   000000001926db30 00007ff85b6bc66f
0x000000001926da80:   00000000f8efffc8 0000000000000000
0x000000001926da90:   0000000000000000 00000000186ba000
0x000000001926daa0:   000000006ac40000 000000006aad0000
0x000000001926dab0:   00005196dd59da13 000000006aaf76ef
0x000000001926dac0:   000000001926db70 000000006b7c14f1
0x000000001926dad0:   00000000186ba000 000000006ae4eab5
0x000000001926dae0:   0000ccf287490b6b 0000055600000000 

Instructions: (pc=0x00007ff857aa4008)
0x00007ff857aa3fe8:   49 8b d1 44 0f 47 c0 44 89 44 24 38 49 c1 e0 03
0x00007ff857aa3ff8:   e8 1a 17 07 00 48 8d 4c 24 20 ff 15 e8 4a 16 00
0x00007ff857aa4008:   48 8b 8c 24 c0 00 00 00 48 33 cc e8 a8 e6 06 00
0x00007ff857aa4018:   48 81 c4 d8 00 00 00 c3 83 64 24 38 00 eb d6 cc 


Register to memory mapping:

RAX=0x0000000005eb61bb is at entry_point+59 in (nmethod*)0x0000000005eb6010
RBX=0x000000001926db70 is pointing into the stack for thread: 0x00000000186ba000
RCX=0x0000000005eb6010 is at entry_point+-368 in (nmethod*)0x0000000005eb6010
RDX=0x0000000000000000 is an unknown value
RSP=0x000000001926d9f0 is pointing into the stack for thread: 0x00000000186ba000
RBP=0x000000001926db30 is pointing into the stack for thread: 0x00000000186ba000
RSI=0x0000000024118330 is an unknown value
RDI=0x000000006abfe0a0 is an unknown value
R8 =0x000000006b7b4e03 is an unknown value
R9 =0x000000006b8137e0 is an unknown value
R10=0x00000000050e2560 is an unknown value
R11=0x0000000000000040 is an unknown value
R12=0x0000000000000000 is an unknown value
R13=0x00000000f8efffc8 is an oop
java.awt.Point 
 - klass: 'java/awt/Point'
R14=0x00000000e73f3110 is an oop
sun.awt.DefaultMouseInfoPeer 
 - klass: 'sun/awt/DefaultMouseInfoPeer'
R15=0x00000000186ba000 is a thread


Stack: [0x0000000019170000,0x0000000019270000],  sp=0x000000001926d9f0,  free space=1014k
Native frames: (J=compiled Java code, j=interpreted, Vv=VM code, C=native code)
C  [KERNELBASE.dll+0x14008]
C  [msvcr100.dll+0x614f1]
C  [awt.dll+0xd83bd]
C  [awt.dll+0xcfab0]
C  0x0000000005eb6235

Java frames: (J=compiled Java code, j=interpreted, Vv=VM code)
J 6826  sun.awt.Win32GraphicsConfig.getBounds(I)Ljava/awt/Rectangle; (0 bytes) @ 0x0000000005eb61bb [0x0000000005eb6180+0x3b]
J 8029 C2 java.awt.MouseInfo.getPointerInfo()Ljava/awt/PointerInfo; (143 bytes) @ 0x0000000006919f8c [0x0000000006919ca0+0x2ec]
J 11117 C2 org.symfound.device.hardware.generic.Generic$$Lambda$342.handle(Ljavafx/event/Event;)V (12 bytes) @ 0x0000000005987694 [0x00000000059875e0+0xb4]
J 11317 C2 com.sun.scenario.animation.shared.TimelineClipCore.playTo(J)V (353 bytes) @ 0x00000000064ebad0 [0x00000000064eb840+0x290]
J 9030 C2 com.sun.scenario.animation.shared.InfiniteClipEnvelope.timePulse(J)V (311 bytes) @ 0x0000000006b8f0e4 [0x0000000006b8eec0+0x224]
J 9434 C2 javafx.animation.Animation$1$$Lambda$258.run()Ljava/lang/Object; (12 bytes) @ 0x0000000005622480 [0x0000000005622420+0x60]
v  ~StubRoutines::call_stub
J 3302  java.security.AccessController.doPrivileged(Ljava/security/PrivilegedAction;Ljava/security/AccessControlContext;)Ljava/lang/Object; (0 bytes) @ 0x000000000570e4e6 [0x000000000570e480+0x66]
J 7987 C2 com.sun.scenario.animation.AbstractMasterTimer.timePulseImpl(J)V (157 bytes) @ 0x000000000691fa50 [0x000000000691f840+0x210]
J 8077 C2 com.sun.javafx.tk.quantum.QuantumToolkit$$Lambda$42.run()V (8 bytes) @ 0x0000000005d906dc [0x0000000005d905c0+0x11c]
J 7869 C2 com.sun.glass.ui.InvokeLaterDispatcher$Future.run()V (91 bytes) @ 0x0000000006888248 [0x0000000006888200+0x48]
v  ~StubRoutines::call_stub
j  com.sun.glass.ui.win.WinApplication._runLoop(Ljava/lang/Runnable;)V+0
j  com.sun.glass.ui.win.WinApplication.lambda$null$148(ILjava/lang/Runnable;)V+8
j  com.sun.glass.ui.win.WinApplication$$Lambda$38.run()V+12
j  java.lang.Thread.run()V+11
v  ~StubRoutines::call_stub

---------------  P R O C E S S  ---------------

Java Threads: ( => current thread )
  0x000000001e134000 JavaThread "Media Resource Disposer" daemon [_thread_blocked, id=1608, stack(0x00000000767f0000,0x00000000768f0000)]
  0x000000001e430800 JavaThread "JFXMedia Player EventQueueThread" daemon [_thread_blocked, id=5784, stack(0x00000000748f0000,0x00000000749f0000)]
  0x000000001e06d800 JavaThread "pool-5-thread-24" [_thread_blocked, id=10092, stack(0x000000006d940000,0x000000006da40000)]
  0x000000001e061800 JavaThread "pool-5-thread-23" [_thread_blocked, id=11848, stack(0x000000006d840000,0x000000006d940000)]
  0x000000001e068800 JavaThread "pool-5-thread-22" [_thread_blocked, id=8308, stack(0x000000006d740000,0x000000006d840000)]
  0x000000001e060800 JavaThread "pool-5-thread-21" [_thread_blocked, id=2036, stack(0x000000006d640000,0x000000006d740000)]
  0x000000001e067800 JavaThread "pool-5-thread-20" [_thread_blocked, id=3168, stack(0x000000006d540000,0x000000006d640000)]
  0x000000001e066800 JavaThread "pool-5-thread-19" [_thread_blocked, id=9432, stack(0x000000006d440000,0x000000006d540000)]
  0x000000001e065000 JavaThread "pool-5-thread-18" [_thread_blocked, id=8932, stack(0x000000006d340000,0x000000006d440000)]
  0x000000001e064800 JavaThread "pool-5-thread-17" [_thread_blocked, id=11664, stack(0x000000006d240000,0x000000006d340000)]
  0x000000001e063000 JavaThread "pool-5-thread-16" [_thread_blocked, id=9948, stack(0x000000006d140000,0x000000006d240000)]
  0x000000001e060000 JavaThread "pool-5-thread-15" [_thread_blocked, id=12424, stack(0x000000006d040000,0x000000006d140000)]
  0x000000001e062000 JavaThread "pool-5-thread-14" [_thread_blocked, id=11468, stack(0x000000006cf40000,0x000000006d040000)]
  0x000000001e05f000 JavaThread "pool-5-thread-13" [_thread_blocked, id=5508, stack(0x000000006ce40000,0x000000006cf40000)]
  0x000000001e066000 JavaThread "pool-5-thread-12" [_thread_blocked, id=7888, stack(0x000000006cd40000,0x000000006ce40000)]
  0x000000001e063800 JavaThread "pool-5-thread-11" [_thread_blocked, id=9732, stack(0x000000006cc40000,0x000000006cd40000)]
  0x0000000023326000 JavaThread "pool-5-thread-10" [_thread_blocked, id=2812, stack(0x000000006cb40000,0x000000006cc40000)]
  0x0000000023325800 JavaThread "pool-5-thread-9" [_thread_blocked, id=5416, stack(0x000000006ca40000,0x000000006cb40000)]
  0x0000000023324800 JavaThread "pool-5-thread-8" [_thread_blocked, id=2352, stack(0x000000006c940000,0x000000006ca40000)]
  0x0000000023323000 JavaThread "pool-5-thread-7" [_thread_blocked, id=12740, stack(0x000000006c840000,0x000000006c940000)]
  0x0000000023321000 JavaThread "pool-5-thread-6" [_thread_blocked, id=11076, stack(0x000000006b5b0000,0x000000006b6b0000)]
  0x0000000023324000 JavaThread "pool-5-thread-5" [_thread_blocked, id=4260, stack(0x000000006a880000,0x000000006a980000)]
  0x0000000023322800 JavaThread "pool-5-thread-4" [_thread_blocked, id=4980, stack(0x000000006a780000,0x000000006a880000)]
  0x0000000023320000 JavaThread "pool-5-thread-3" [_thread_blocked, id=10008, stack(0x0000000067c20000,0x0000000067d20000)]
  0x0000000023321800 JavaThread "pool-5-thread-2" [_thread_blocked, id=4088, stack(0x0000000067b20000,0x0000000067c20000)]
  0x0000000023327000 JavaThread "pool-5-thread-1" [_thread_blocked, id=8724, stack(0x0000000067a20000,0x0000000067b20000)]
  0x000000001e42e000 JavaThread "Disposer" daemon [_thread_blocked, id=444, stack(0x0000000067220000,0x0000000067320000)]
  0x000000001e42f800 JavaThread "pool-7-thread-1" [_thread_blocked, id=8844, stack(0x0000000026e20000,0x0000000026f20000)]
  0x000000001e42c000 JavaThread "java-sdk-http-connection-reaper" daemon [_thread_blocked, id=8232, stack(0x00000000266b0000,0x00000000267b0000)]
  0x000000001e42c800 JavaThread "AWT-Windows" daemon [_thread_in_native, id=9600, stack(0x00000000265b0000,0x00000000266b0000)]
  0x000000001e432000 JavaThread "Java2D Disposer" daemon [_thread_blocked, id=11612, stack(0x00000000263b0000,0x00000000264b0000)]
  0x000000001e48c000 JavaThread "Prism Font Disposer" daemon [_thread_blocked, id=8804, stack(0x0000000021430000,0x0000000021530000)]
  0x000000001e2fe000 JavaThread "JavaFX-Launcher" [_thread_blocked, id=4460, stack(0x000000001e8e0000,0x000000001e9e0000)]
  0x00000000187a4000 JavaThread "Thread-2" daemon [_thread_in_native, id=12352, stack(0x000000001d810000,0x000000001d910000)]
=>0x00000000186ba000 JavaThread "JavaFX Application Thread" [_thread_in_native, id=8256, stack(0x0000000019170000,0x0000000019270000)]
  0x00000000186b8000 JavaThread "Thread-1" daemon [_thread_blocked, id=9188, stack(0x0000000019070000,0x0000000019170000)]
  0x00000000180ad800 JavaThread "QuantumRenderer-0" daemon [_thread_blocked, id=9832, stack(0x0000000018e70000,0x0000000018f70000)]
  0x000000001666e000 JavaThread "Service Thread" daemon [_thread_blocked, id=8612, stack(0x0000000018470000,0x0000000018570000)]
  0x000000001666c000 JavaThread "C1 CompilerThread2" daemon [_thread_blocked, id=7348, stack(0x0000000018370000,0x0000000018470000)]
  0x0000000016621000 JavaThread "C2 CompilerThread1" daemon [_thread_blocked, id=9712, stack(0x0000000017e70000,0x0000000017f70000)]
  0x000000001661e800 JavaThread "C2 CompilerThread0" daemon [_thread_blocked, id=9620, stack(0x0000000017d70000,0x0000000017e70000)]
  0x000000001661d800 JavaThread "Attach Listener" daemon [_thread_blocked, id=6004, stack(0x0000000017c70000,0x0000000017d70000)]
  0x000000001661a000 JavaThread "Signal Dispatcher" daemon [_thread_blocked, id=12256, stack(0x0000000017b70000,0x0000000017c70000)]
  0x0000000016604000 JavaThread "Finalizer" daemon [_thread_blocked, id=3212, stack(0x0000000017880000,0x0000000017980000)]
  0x00000000051ed000 JavaThread "Reference Handler" daemon [_thread_blocked, id=11828, stack(0x0000000017780000,0x0000000017880000)]
  0x00000000050ee800 JavaThread "main" [_thread_blocked, id=9084, stack(0x0000000004f50000,0x0000000005050000)]

Other Threads:
  0x00000000165d7800 VMThread [stack: 0x0000000017680000,0x0000000017780000] [id=8016]
  0x000000001801c800 WatcherThread [stack: 0x0000000018570000,0x0000000018670000] [id=6100]

VM state:not at safepoint (normal execution)

VM Mutex/Monitor currently owned by a thread: None

Heap:
 PSYoungGen      total 116736K, used 58691K [0x00000000f5580000, 0x0000000100000000, 0x0000000100000000)
  eden space 58880K, 99% used [0x00000000f5580000,0x00000000f8ed0ec8,0x00000000f8f00000)
  from space 57856K, 0% used [0x00000000fc780000,0x00000000fc780000,0x0000000100000000)
  to   space 57856K, 0% used [0x00000000f8f00000,0x00000000f8f00000,0x00000000fc780000)
 ParOldGen       total 349696K, used 349399K [0x00000000e0000000, 0x00000000f5580000, 0x00000000f5580000)
  object space 349696K, 99% used [0x00000000e0000000,0x00000000f5535d28,0x00000000f5580000)
 Metaspace       used 47610K, capacity 49785K, committed 50040K, reserved 1093632K
  class space    used 6288K, capacity 6660K, committed 6776K, reserved 1048576K

Card table byte_map: [0x00000000145b0000,0x00000000146c0000] byte_map_base: 0x0000000013eb0000

Marking Bits: (ParMarkBitMap*) 0x000000006b52c720
 Begin Bits: [0x0000000014b70000, 0x0000000015370000)
 End Bits:   [0x0000000015370000, 0x0000000015b70000)

Polling page: 0x00000000034f0000

CodeCache: size=245760Kb used=31887Kb max_used=32162Kb free=213872Kb
 bounds [0x00000000051f0000, 0x0000000007190000, 0x00000000141f0000]
 total_blobs=9927 nmethods=9044 adapters=793
 compilation: enabled

Compilation events (10 events):
Event: 966.703 Thread 0x000000001666c000 12129       3       javafx.scene.Node$NodeTransformation$5::invalidated (11 bytes)
Event: 966.704 Thread 0x000000001666c000 nmethod 12129 0x00000000065e0b90 code [0x00000000065e0d00, 0x00000000065e0f28]
Event: 975.203 Thread 0x0000000016621000 12130       4       javafx.beans.binding.StringBinding::get (5 bytes)
Event: 999.725 Thread 0x0000000016621000 nmethod 12130 0x0000000006a92290 code [0x0000000006a92460, 0x0000000006a92e88]
Event: 1007.420 Thread 0x000000001666c000 12131       3       java.io.BufferedWriter::ensureOpen (18 bytes)
Event: 1007.420 Thread 0x000000001666c000 nmethod 12131 0x0000000006651090 code [0x0000000006651200, 0x0000000006651448]
Event: 1007.421 Thread 0x000000001666c000 12132       1       sun.nio.cs.StreamEncoder::isOpen (5 bytes)
Event: 1007.421 Thread 0x000000001666c000 nmethod 12132 0x000000000625f290 code [0x000000000625f3e0, 0x000000000625f4f0]
Event: 1011.218 Thread 0x000000001666c000 12133       3       java.util.concurrent.locks.AbstractQueuedSynchronizer::unparkSuccessor (84 bytes)
Event: 1011.219 Thread 0x000000001666c000 nmethod 12133 0x000000000686d650 code [0x000000000686d7e0, 0x000000000686dd28]

GC Heap History (10 events):
Event: 1011.970 GC heap before
{Heap before GC invocations=123 (full 73):
 PSYoungGen      total 116736K, used 58880K [0x00000000f5580000, 0x0000000100000000, 0x0000000100000000)
  eden space 58880K, 100% used [0x00000000f5580000,0x00000000f8f00000,0x00000000f8f00000)
  from space 57856K, 0% used [0x00000000fc780000,0x00000000fc780000,0x0000000100000000)
  to   space 57856K, 0% used [0x00000000f8f00000,0x00000000f8f00000,0x00000000fc780000)
 ParOldGen       total 349696K, used 349399K [0x00000000e0000000, 0x00000000f5580000, 0x00000000f5580000)
  object space 349696K, 99% used [0x00000000e0000000,0x00000000f5535d28,0x00000000f5580000)
 Metaspace       used 47610K, capacity 49785K, committed 50040K, reserved 1093632K
  class space    used 6288K, capacity 6660K, committed 6776K, reserved 1048576K
Event: 1012.795 GC heap after
Heap after GC invocations=123 (full 73):
 PSYoungGen      total 116736K, used 58692K [0x00000000f5580000, 0x0000000100000000, 0x0000000100000000)
  eden space 58880K, 99% used [0x00000000f5580000,0x00000000f8ed1150,0x00000000f8f00000)
  from space 57856K, 0% used [0x00000000fc780000,0x00000000fc780000,0x0000000100000000)
  to   space 57856K, 0% used [0x00000000f8f00000,0x00000000f8f00000,0x00000000fc780000)
 ParOldGen       total 349696K, used 349399K [0x00000000e0000000, 0x00000000f5580000, 0x00000000f5580000)
  object space 349696K, 99% used [0x00000000e0000000,0x00000000f5535d28,0x00000000f5580000)
 Metaspace       used 47610K, capacity 49785K, committed 50040K, reserved 1093632K
  class space    used 6288K, capacity 6660K, committed 6776K, reserved 1048576K
}
Event: 1012.796 GC heap before
{Heap before GC invocations=124 (full 74):
 PSYoungGen      total 116736K, used 58880K [0x00000000f5580000, 0x0000000100000000, 0x0000000100000000)
  eden space 58880K, 100% used [0x00000000f5580000,0x00000000f8f00000,0x00000000f8f00000)
  from space 57856K, 0% used [0x00000000fc780000,0x00000000fc780000,0x0000000100000000)
  to   space 57856K, 0% used [0x00000000f8f00000,0x00000000f8f00000,0x00000000fc780000)
 ParOldGen       total 349696K, used 349399K [0x00000000e0000000, 0x00000000f5580000, 0x00000000f5580000)
  object space 349696K, 99% used [0x00000000e0000000,0x00000000f5535d28,0x00000000f5580000)
 Metaspace       used 47610K, capacity 49785K, committed 50040K, reserved 1093632K
  class space    used 6288K, capacity 6660K, committed 6776K, reserved 1048576K
Event: 1013.584 GC heap after
Heap after GC invocations=124 (full 74):
 PSYoungGen      total 116736K, used 58691K [0x00000000f5580000, 0x0000000100000000, 0x0000000100000000)
  eden space 58880K, 99% used [0x00000000f5580000,0x00000000f8ed0ff8,0x00000000f8f00000)
  from space 57856K, 0% used [0x00000000fc780000,0x00000000fc780000,0x0000000100000000)
  to   space 57856K, 0% used [0x00000000f8f00000,0x00000000f8f00000,0x00000000fc780000)
 ParOldGen       total 349696K, used 349399K [0x00000000e0000000, 0x00000000f5580000, 0x00000000f5580000)
  object space 349696K, 99% used [0x00000000e0000000,0x00000000f5535d28,0x00000000f5580000)
 Metaspace       used 47610K, capacity 49785K, committed 50040K, reserved 1093632K
  class space    used 6288K, capacity 6660K, committed 6776K, reserved 1048576K
}
Event: 1013.585 GC heap before
{Heap before GC invocations=125 (full 75):
 PSYoungGen      total 116736K, used 58880K [0x00000000f5580000, 0x0000000100000000, 0x0000000100000000)
  eden space 58880K, 100% used [0x00000000f5580000,0x00000000f8f00000,0x00000000f8f00000)
  from space 57856K, 0% used [0x00000000fc780000,0x00000000fc780000,0x0000000100000000)
  to   space 57856K, 0% used [0x00000000f8f00000,0x00000000f8f00000,0x00000000fc780000)
 ParOldGen       total 349696K, used 349399K [0x00000000e0000000, 0x00000000f5580000, 0x00000000f5580000)
  object space 349696K, 99% used [0x00000000e0000000,0x00000000f5535d28,0x00000000f5580000)
 Metaspace       used 47610K, capacity 49785K, committed 50040K, reserved 1093632K
  class space    used 6288K, capacity 6660K, committed 6776K, reserved 1048576K
Event: 1014.331 GC heap after
Heap after GC invocations=125 (full 75):
 PSYoungGen      total 116736K, used 58691K [0x00000000f5580000, 0x0000000100000000, 0x0000000100000000)
  eden space 58880K, 99% used [0x00000000f5580000,0x00000000f8ed0ee0,0x00000000f8f00000)
  from space 57856K, 0% used [0x00000000fc780000,0x00000000fc780000,0x0000000100000000)
  to   space 57856K, 0% used [0x00000000f8f00000,0x00000000f8f00000,0x00000000fc780000)
 ParOldGen       total 349696K, used 349399K [0x00000000e0000000, 0x00000000f5580000, 0x00000000f5580000)
  object space 349696K, 99% used [0x00000000e0000000,0x00000000f5535d28,0x00000000f5580000)
 Metaspace       used 47610K, capacity 49785K, committed 50040K, reserved 1093632K
  class space    used 6288K, capacity 6660K, committed 6776K, reserved 1048576K
}
Event: 1014.333 GC heap before
{Heap before GC invocations=126 (full 76):
 PSYoungGen      total 116736K, used 58880K [0x00000000f5580000, 0x0000000100000000, 0x0000000100000000)
  eden space 58880K, 100% used [0x00000000f5580000,0x00000000f8f00000,0x00000000f8f00000)
  from space 57856K, 0% used [0x00000000fc780000,0x00000000fc780000,0x0000000100000000)
  to   space 57856K, 0% used [0x00000000f8f00000,0x00000000f8f00000,0x00000000fc780000)
 ParOldGen       total 349696K, used 349399K [0x00000000e0000000, 0x00000000f5580000, 0x00000000f5580000)
  object space 349696K, 99% used [0x00000000e0000000,0x00000000f5535d28,0x00000000f5580000)
 Metaspace       used 47610K, capacity 49785K, committed 50040K, reserved 1093632K
  class space    used 6288K, capacity 6660K, committed 6776K, reserved 1048576K
Event: 1015.142 GC heap after
Heap after GC invocations=126 (full 76):
 PSYoungGen      total 116736K, used 58692K [0x00000000f5580000, 0x0000000100000000, 0x0000000100000000)
  eden space 58880K, 99% used [0x00000000f5580000,0x00000000f8ed1260,0x00000000f8f00000)
  from space 57856K, 0% used [0x00000000fc780000,0x00000000fc780000,0x0000000100000000)
  to   space 57856K, 0% used [0x00000000f8f00000,0x00000000f8f00000,0x00000000fc780000)
 ParOldGen       total 349696K, used 349399K [0x00000000e0000000, 0x00000000f5580000, 0x00000000f5580000)
  object space 349696K, 99% used [0x00000000e0000000,0x00000000f5535d28,0x00000000f5580000)
 Metaspace       used 47610K, capacity 49785K, committed 50040K, reserved 1093632K
  class space    used 6288K, capacity 6660K, committed 6776K, reserved 1048576K
}
Event: 1015.144 GC heap before
{Heap before GC invocations=127 (full 77):
 PSYoungGen      total 116736K, used 58880K [0x00000000f5580000, 0x0000000100000000, 0x0000000100000000)
  eden space 58880K, 100% used [0x00000000f5580000,0x00000000f8f00000,0x00000000f8f00000)
  from space 57856K, 0% used [0x00000000fc780000,0x00000000fc780000,0x0000000100000000)
  to   space 57856K, 0% used [0x00000000f8f00000,0x00000000f8f00000,0x00000000fc780000)
 ParOldGen       total 349696K, used 349399K [0x00000000e0000000, 0x00000000f5580000, 0x00000000f5580000)
  object space 349696K, 99% used [0x00000000e0000000,0x00000000f5535d28,0x00000000f5580000)
 Metaspace       used 47610K, capacity 49785K, committed 50040K, reserved 1093632K
  class space    used 6288K, capacity 6660K, committed 6776K, reserved 1048576K
Event: 1015.953 GC heap after
Heap after GC invocations=127 (full 77):
 PSYoungGen      total 116736K, used 58691K [0x00000000f5580000, 0x0000000100000000, 0x0000000100000000)
  eden space 58880K, 99% used [0x00000000f5580000,0x00000000f8ed0ea8,0x00000000f8f00000)
  from space 57856K, 0% used [0x00000000fc780000,0x00000000fc780000,0x0000000100000000)
  to   space 57856K, 0% used [0x00000000f8f00000,0x00000000f8f00000,0x00000000fc780000)
 ParOldGen       total 349696K, used 349399K [0x00000000e0000000, 0x00000000f5580000, 0x00000000f5580000)
  object space 349696K, 99% used [0x00000000e0000000,0x00000000f5535d28,0x00000000f5580000)
 Metaspace       used 47610K, capacity 49785K, committed 50040K, reserved 1093632K
  class space    used 6288K, capacity 6660K, committed 6776K, reserved 1048576K
}

Deoptimization events (10 events):
Event: 939.347 Thread 0x00000000186ba000 Uncommon trap: reason=unstable_if action=reinterpret pc=0x0000000006f6aea0 method=javafx.scene.Parent$2.onProposedChange(Ljava/util/List;[I)V @ 652
Event: 939.359 Thread 0x00000000186ba000 Uncommon trap: reason=unstable_if action=reinterpret pc=0x0000000006d83430 method=javafx.scene.Parent.setChildDirty(Ljavafx/scene/Node;Z)V @ 51
Event: 939.359 Thread 0x00000000186ba000 Uncommon trap: reason=unstable_if action=reinterpret pc=0x000000000628c668 method=javafx.scene.Parent.setChildDirty(Ljavafx/scene/Node;Z)V @ 51
Event: 949.235 Thread 0x00000000186ba000 Uncommon trap: reason=class_check action=maybe_recompile pc=0x0000000007077334 method=java.lang.reflect.Array.newInstance(Ljava/lang/Class;I)Ljava/lang/Object; @ 2
Event: 949.235 Thread 0x00000000186ba000 Uncommon trap: reason=class_check action=maybe_recompile pc=0x0000000007077334 method=java.lang.reflect.Array.newInstance(Ljava/lang/Class;I)Ljava/lang/Object; @ 2
Event: 952.789 Thread 0x00000000186ba000 Uncommon trap: reason=class_check action=maybe_recompile pc=0x0000000007077334 method=java.lang.reflect.Array.newInstance(Ljava/lang/Class;I)Ljava/lang/Object; @ 2
Event: 952.789 Thread 0x00000000186ba000 Uncommon trap: reason=class_check action=maybe_recompile pc=0x0000000007077334 method=java.lang.reflect.Array.newInstance(Ljava/lang/Class;I)Ljava/lang/Object; @ 2
Event: 956.060 Thread 0x00000000186ba000 Uncommon trap: reason=unstable_if action=reinterpret pc=0x000000000702b964 method=javafx.scene.layout.GridPane.computeGridMetrics()V @ 732
Event: 1010.452 Thread 0x000000001e060800 Uncommon trap: reason=unstable_if action=reinterpret pc=0x0000000005956670 method=java.util.concurrent.locks.AbstractQueuedSynchronizer.unparkSuccessor(Ljava/util/concurrent/locks/AbstractQueuedSynchronizer$Node;)V @ 22
Event: 1011.968 Thread 0x00000000186ba000 Uncommon trap: reason=unstable_if action=reinterpret pc=0x00000000055823f4 method=java.lang.Throwable.getOurStackTrace()[Ljava/lang/StackTraceElement; @ 7

Internal exceptions (10 events):
Event: 791.952 Thread 0x00000000186ba000 Implicit null exception at 0x000000000693a022 to 0x000000000693a675
Event: 879.258 Thread 0x00000000180ad800 Implicit null exception at 0x0000000006237818 to 0x0000000006237ccd
Event: 996.408 Thread 0x00000000186ba000 Exception <a 'java/lang/OutOfMemoryError'> (0x00000000e016ff78) thrown at [C:\re\workspace\8-2-build-windows-amd64-cygwin\jdk8u131\8869\hotspot\src\share\vm\gc_interface/collectedHeap.inline.hpp, line 170]
Event: 999.725 Thread 0x00000000186ba000 Exception <a 'java/lang/OutOfMemoryError'> (0x00000000e016fd30) thrown at [C:\re\workspace\8-2-build-windows-amd64-cygwin\jdk8u131\8869\hotspot\src\share\vm\gc_interface/collectedHeap.inline.hpp, line 170]
Event: 999.725 Thread 0x00000000186ba000 Exception <a 'java/lang/OutOfMemoryError'> (0x00000000e016fd30) thrown at [C:\re\workspace\8-2-build-windows-amd64-cygwin\jdk8u131\8869\hotspot\src\share\vm\prims\jvm.cpp, line 1394]
Event: 1003.559 Thread 0x00000000186ba000 Exception <a 'java/lang/OutOfMemoryError'> (0x00000000e016fa78) thrown at [C:\re\workspace\8-2-build-windows-amd64-cygwin\jdk8u131\8869\hotspot\src\share\vm\gc_interface/collectedHeap.inline.hpp, line 170]
Event: 1007.420 Thread 0x00000000186ba000 Exception <a 'java/lang/OutOfMemoryError'> (0x00000000e016f870) thrown at [C:\re\workspace\8-2-build-windows-amd64-cygwin\jdk8u131\8869\hotspot\src\share\vm\gc_interface/collectedHeap.inline.hpp, line 170]
Event: 1010.452 Thread 0x000000001e060800 Implicit null exception at 0x00000000059565ec to 0x0000000005956659
Event: 1011.968 Thread 0x00000000186ba000 Exception <a 'java/lang/OutOfMemoryError'> (0x00000000e0003400) thrown at [C:\re\workspace\8-2-build-windows-amd64-cygwin\jdk8u131\8869\hotspot\src\share\vm\gc_interface/collectedHeap.inline.hpp, line 170]
Event: 1015.953 Thread 0x00000000186ba000 Exception <a 'java/lang/OutOfMemoryError'> (0x00000000e0003400) thrown at [C:\re\workspace\8-2-build-windows-amd64-cygwin\jdk8u131\8869\hotspot\src\share\vm\gc_interface/collectedHeap.inline.hpp, line 170]

Events (10 events):
Event: 1011.970 Executing VM operation: ParallelGCFailedAllocation
Event: 1012.795 Executing VM operation: ParallelGCFailedAllocation done
Event: 1012.796 Executing VM operation: ParallelGCFailedAllocation
Event: 1013.584 Executing VM operation: ParallelGCFailedAllocation done
Event: 1013.585 Executing VM operation: ParallelGCFailedAllocation
Event: 1014.331 Executing VM operation: ParallelGCFailedAllocation done
Event: 1014.333 Executing VM operation: ParallelGCFailedAllocation
Event: 1015.143 Executing VM operation: ParallelGCFailedAllocation done
Event: 1015.144 Executing VM operation: ParallelGCFailedAllocation
Event: 1015.953 Executing VM operation: ParallelGCFailedAllocation done


Dynamic libraries:
0x00007ff656690000 - 0x00007ff6566c7000 	C:\Program Files\Java\jdk1.8.0_131\bin\java.exe
0x00007ff85b640000 - 0x00007ff85b820000 	C:\WINDOWS\SYSTEM32\ntdll.dll
0x00007ff845870000 - 0x00007ff8458a4000 	C:\Program Files (x86)\AVG\Antivirus\x64\aswhooka.dll
0x00007ff859d60000 - 0x00007ff859e0e000 	C:\WINDOWS\System32\KERNEL32.DLL
0x00007ff857a90000 - 0x00007ff857cf6000 	C:\WINDOWS\System32\KERNELBASE.dll
0x00007ff859310000 - 0x00007ff8593b1000 	C:\WINDOWS\System32\ADVAPI32.dll
0x00007ff859920000 - 0x00007ff8599bd000 	C:\WINDOWS\System32\msvcrt.dll
0x00007ff859110000 - 0x00007ff85916b000 	C:\WINDOWS\System32\sechost.dll
0x00007ff8594d0000 - 0x00007ff8595ef000 	C:\WINDOWS\System32\RPCRT4.dll
0x00007ff859790000 - 0x00007ff85991f000 	C:\WINDOWS\System32\USER32.dll
0x00007ff857db0000 - 0x00007ff857dd0000 	C:\WINDOWS\System32\win32u.dll
0x00007ff859e90000 - 0x00007ff859eb8000 	C:\WINDOWS\System32\GDI32.dll
0x00007ff857dd0000 - 0x00007ff857f63000 	C:\WINDOWS\System32\gdi32full.dll
0x00007ff857fd0000 - 0x00007ff85806b000 	C:\WINDOWS\System32\msvcp_win.dll
0x00007ff858070000 - 0x00007ff858166000 	C:\WINDOWS\System32\ucrtbase.dll
0x00007ff84ff50000 - 0x00007ff8501b9000 	C:\WINDOWS\WinSxS\amd64_microsoft.windows.common-controls_6595b64144ccf1df_6.0.16299.309_none_15cfd4c4935e6b11\COMCTL32.dll
0x00007ff859ec0000 - 0x00007ff85a1c8000 	C:\WINDOWS\System32\combase.dll
0x00007ff858a90000 - 0x00007ff858b02000 	C:\WINDOWS\System32\bcryptPrimitives.dll
0x00007ff858c70000 - 0x00007ff858c9d000 	C:\WINDOWS\System32\IMM32.DLL
0x000000006b760000 - 0x000000006b832000 	C:\Program Files\Java\jdk1.8.0_131\jre\bin\msvcr100.dll
0x000000006ad10000 - 0x000000006b5ac000 	C:\Program Files\Java\jdk1.8.0_131\jre\bin\server\jvm.dll
0x00007ff8590f0000 - 0x00007ff8590f8000 	C:\WINDOWS\System32\PSAPI.DLL
0x00007ff84c090000 - 0x00007ff84c099000 	C:\WINDOWS\SYSTEM32\WSOCK32.dll
0x00007ff859cf0000 - 0x00007ff859d5c000 	C:\WINDOWS\System32\WS2_32.dll
0x00007ff8557f0000 - 0x00007ff855813000 	C:\WINDOWS\SYSTEM32\WINMM.dll
0x00007ff84b480000 - 0x00007ff84b48a000 	C:\WINDOWS\SYSTEM32\VERSION.dll
0x00007ff855360000 - 0x00007ff85538a000 	C:\WINDOWS\SYSTEM32\WINMMBASE.dll
0x00007ff857a40000 - 0x00007ff857a8a000 	C:\WINDOWS\System32\cfgmgr32.dll
0x000000006ad00000 - 0x000000006ad0f000 	C:\Program Files\Java\jdk1.8.0_131\jre\bin\verify.dll
0x000000006acd0000 - 0x000000006acf9000 	C:\Program Files\Java\jdk1.8.0_131\jre\bin\java.dll
0x000000006acb0000 - 0x000000006acc6000 	C:\Program Files\Java\jdk1.8.0_131\jre\bin\zip.dll
0x00007ff85a1d0000 - 0x00007ff85b606000 	C:\WINDOWS\System32\SHELL32.dll
0x00007ff859be0000 - 0x00007ff859c86000 	C:\WINDOWS\System32\shcore.dll
0x00007ff858340000 - 0x00007ff858a87000 	C:\WINDOWS\System32\windows.storage.dll
0x00007ff859c90000 - 0x00007ff859ce1000 	C:\WINDOWS\System32\shlwapi.dll
0x00007ff857a20000 - 0x00007ff857a31000 	C:\WINDOWS\System32\kernel.appcore.dll
0x00007ff8579b0000 - 0x00007ff8579fc000 	C:\WINDOWS\System32\powrprof.dll
0x00007ff857a00000 - 0x00007ff857a1b000 	C:\WINDOWS\System32\profapi.dll
0x00007ff82aae0000 - 0x00007ff82abcf000 	C:\Program Files\Java\jdk1.8.0_131\jre\bin\msvcr120.dll
0x00007ff82eb40000 - 0x00007ff82ebe6000 	C:\Program Files\Java\jdk1.8.0_131\jre\bin\msvcp120.dll
0x000000006a9c0000 - 0x000000006a9e2000 	C:\Program Files\Java\jdk1.8.0_131\jre\bin\prism_d3d.dll
0x00007ff830c60000 - 0x00007ff830df5000 	C:\WINDOWS\system32\d3d9.dll
0x00007ff8560e0000 - 0x00007ff85610a000 	C:\WINDOWS\SYSTEM32\dwmapi.dll
0x00007ff855d30000 - 0x00007ff855dc5000 	C:\WINDOWS\system32\uxtheme.dll
0x00007ff816180000 - 0x00007ff8186bd000 	C:\WINDOWS\SYSTEM32\igdumdim64.dll
0x00007ff859b10000 - 0x00007ff859bd5000 	C:\WINDOWS\System32\OLEAUT32.dll
0x00007ff8599c0000 - 0x00007ff859b09000 	C:\WINDOWS\System32\ole32.dll
0x00007ff858ca0000 - 0x00007ff8590ee000 	C:\WINDOWS\System32\SETUPAPI.dll
0x000000006a730000 - 0x000000006a773000 	C:\Program Files\Java\jdk1.8.0_131\jre\bin\glass.dll
0x00007ff8593c0000 - 0x00007ff8594ca000 	C:\WINDOWS\System32\COMDLG32.dll
0x00007ff859600000 - 0x00007ff859767000 	C:\WINDOWS\System32\MSCTF.dll
0x00007ff83a430000 - 0x00007ff83a4d9000 	C:\Program Files\Common Files\microsoft shared\ink\tiptsf.dll
0x00007ff84de40000 - 0x00007ff84e880000 	C:\WINDOWS\SYSTEM32\igdusc64.dll
0x000000006a710000 - 0x000000006a724000 	C:\Program Files\Java\jdk1.8.0_131\jre\bin\javafx_font.dll
0x00007ff83d5f0000 - 0x00007ff83d8ff000 	C:\WINDOWS\SYSTEM32\dwrite.dll
0x00007ff857380000 - 0x00007ff857397000 	C:\WINDOWS\SYSTEM32\CRYPTSP.dll
0x00007ff856dc0000 - 0x00007ff856df3000 	C:\WINDOWS\system32\rsaenh.dll
0x00007ff857490000 - 0x00007ff8574b5000 	C:\WINDOWS\SYSTEM32\bcrypt.dll
0x00007ff8578c0000 - 0x00007ff8578e9000 	C:\WINDOWS\SYSTEM32\USERENV.dll
0x00007ff8573a0000 - 0x00007ff8573ab000 	C:\WINDOWS\SYSTEM32\CRYPTBASE.dll
0x000000006ac90000 - 0x000000006acaa000 	C:\Program Files\Java\jdk1.8.0_131\jre\bin\net.dll
0x00007ff8571c0000 - 0x00007ff857226000 	C:\WINDOWS\system32\mswsock.dll
0x00007ff856f50000 - 0x00007ff856f89000 	C:\WINDOWS\SYSTEM32\IPHLPAPI.DLL
0x00007ff859100000 - 0x00007ff859108000 	C:\WINDOWS\System32\NSI.dll
0x00007ff8519e0000 - 0x00007ff8519f6000 	C:\WINDOWS\SYSTEM32\dhcpcsvc6.DLL
0x00007ff8530b0000 - 0x00007ff8530ca000 	C:\WINDOWS\SYSTEM32\dhcpcsvc.DLL
0x000000006ac70000 - 0x000000006ac81000 	C:\Program Files\Java\jdk1.8.0_131\jre\bin\nio.dll
0x000000006a6d0000 - 0x000000006a6f4000 	C:\Program Files\Java\jdk1.8.0_131\jre\bin\sunec.dll
0x00007ff856f90000 - 0x00007ff857046000 	C:\WINDOWS\SYSTEM32\DNSAPI.dll
0x00007ff84ebf0000 - 0x00007ff84ebfa000 	C:\Windows\System32\rasadhlp.dll
0x00007ff84ed20000 - 0x00007ff84ed90000 	C:\WINDOWS\System32\fwpuclnt.dll
0x000000006aad0000 - 0x000000006ac68000 	C:\Program Files\Java\jdk1.8.0_131\jre\bin\awt.dll
0x00007ff855a90000 - 0x00007ff855b18000 	C:\WINDOWS\SYSTEM32\apphelp.dll
0x000000006a9f0000 - 0x000000006a9fd000 	C:\Program Files\Java\jdk1.8.0_131\jre\bin\management.dll
0x000000006a9b0000 - 0x000000006a9bb000 	C:\Program Files\Java\jdk1.8.0_131\jre\bin\sunmscapi.dll
0x00007ff858170000 - 0x00007ff85833e000 	C:\WINDOWS\System32\CRYPT32.dll
0x00007ff857990000 - 0x00007ff8579a2000 	C:\WINDOWS\System32\MSASN1.dll
0x00007ff83d970000 - 0x00007ff83da8e000 	C:\WINDOWS\system32\opengl32.dll
0x00007ff841450000 - 0x00007ff84147c000 	C:\WINDOWS\SYSTEM32\GLU32.dll
0x000000006a650000 - 0x000000006a6c3000 	C:\Program Files\Java\jdk1.8.0_131\jre\bin\glib-lite.dll
0x000000006a5b0000 - 0x000000006a64c000 	C:\Program Files\Java\jdk1.8.0_131\jre\bin\gstreamer-lite.dll
0x00007ff82ccd0000 - 0x00007ff82cd5f000 	C:\WINDOWS\SYSTEM32\DSOUND.dll
0x000000006a580000 - 0x000000006a5a5000 	C:\Program Files\Java\jdk1.8.0_131\jre\bin\jfxmedia.dll
0x0000000067dc0000 - 0x000000006a574000 	C:\Program Files\Java\jdk1.8.0_131\jre\bin\jfxwebkit.dll
0x00007ff858bd0000 - 0x00007ff858c6e000 	C:\WINDOWS\System32\clbcatq.dll
0x00007ff852d50000 - 0x00007ff852efb000 	C:\WINDOWS\SYSTEM32\WindowsCodecs.dll
0x00007ff83d5a0000 - 0x00007ff83d5ef000 	C:\WINDOWS\system32\dataexchange.dll
0x00007ff854f90000 - 0x00007ff855272000 	C:\WINDOWS\system32\d3d11.dll
0x00007ff855690000 - 0x00007ff8557d2000 	C:\WINDOWS\system32\dcomp.dll
0x00007ff8568b0000 - 0x00007ff85695f000 	C:\WINDOWS\system32\dxgi.dll
0x00007ff855e80000 - 0x00007ff855ffb000 	C:\WINDOWS\system32\twinapi.appcore.dll
0x00007ff855e60000 - 0x00007ff855e80000 	C:\WINDOWS\system32\RMCLIENT.dll
0x00007ff845910000 - 0x00007ff845944000 	C:\Program Files\Common Files\Microsoft Shared\Ink\rtscom.dll
0x00007ff848b50000 - 0x00007ff848be8000 	C:\WINDOWS\System32\TextInputFramework.dll
0x00007ff851a00000 - 0x00007ff851cee000 	C:\WINDOWS\System32\CoreUIComponents.dll
0x00007ff855280000 - 0x00007ff85535c000 	C:\WINDOWS\System32\CoreMessaging.dll
0x00007ff856ac0000 - 0x00007ff856af1000 	C:\WINDOWS\SYSTEM32\ntmarta.dll
0x00007ff853eb0000 - 0x00007ff853fe6000 	C:\WINDOWS\SYSTEM32\wintypes.dll
0x00007ff8549d0000 - 0x00007ff854f88000 	C:\WINDOWS\SYSTEM32\d2d1.dll
0x00007ff831340000 - 0x00007ff831aac000 	C:\WINDOWS\SYSTEM32\D3D10Warp.dll
0x00007ff83efc0000 - 0x00007ff83f1c6000 	C:\Windows\System32\uiautomationcore.dll
0x00007ff857790000 - 0x00007ff85782a000 	C:\WINDOWS\SYSTEM32\sxs.dll
0x00007ff84b410000 - 0x00007ff84b47e000 	C:\WINDOWS\SYSTEM32\OLEACC.dll
0x0000000022ba0000 - 0x0000000022bb1000 	C:\Program Files\Java\jdk1.8.0_131\jre\bin\prism_common.dll
0x00007ff83b780000 - 0x00007ff83b7c4000 	C:\WINDOWS\SYSTEM32\edputil.dll
0x00007ff840940000 - 0x00007ff8409a5000 	C:\WINDOWS\system32\Ninput.dll
0x00007ff857890000 - 0x00007ff8578c0000 	C:\WINDOWS\SYSTEM32\SspiCli.dll
0x000000001d740000 - 0x000000001d771000 	C:\Program Files\Java\jdk1.8.0_131\jre\bin\fxplugins.dll
0x00007ff852020000 - 0x00007ff85208f000 	C:\WINDOWS\System32\MMDevApi.dll
0x00007ff857760000 - 0x00007ff857787000 	C:\WINDOWS\System32\DEVOBJ.dll
0x00007ff856570000 - 0x00007ff856721000 	C:\WINDOWS\System32\PROPSYS.dll
0x00007ff84bd10000 - 0x00007ff84be32000 	C:\WINDOWS\SYSTEM32\AUDIOSES.DLL
0x00007ff852f70000 - 0x00007ff852f7a000 	C:\WINDOWS\SYSTEM32\AVRT.dll
0x00007ff84b610000 - 0x00007ff84b639000 	C:\Windows\System32\qasf.dll
0x00007ff829a20000 - 0x00007ff829c69000 	C:\Windows\System32\WMVCore.DLL
0x00007ff8541f0000 - 0x00007ff8541fa000 	C:\Windows\System32\msdmo.dll
0x00007ff8455e0000 - 0x00007ff845633000 	C:\Windows\System32\WMASF.DLL
0x00007ff82e940000 - 0x00007ff82ea6c000 	C:\Windows\System32\mfperfhelper.dll
0x00007ff847680000 - 0x00007ff847833000 	C:\WINDOWS\SYSTEM32\MFPlat.DLL
0x00007ff847840000 - 0x00007ff847872000 	C:\WINDOWS\SYSTEM32\RTWorkQ.DLL
0x00007ff8526b0000 - 0x00007ff8526cd000 	C:\Windows\System32\mp3dmod.dll
0x00007ff829590000 - 0x00007ff82974c000 	C:\Windows\System32\quartz.dll
0x00007ff848800000 - 0x00007ff848907000 	C:\Windows\System32\Windows.UI.dll
0x00007ff848bf0000 - 0x00007ff848db8000 	C:\WINDOWS\SYSTEM32\dbghelp.dll

VM Arguments:
jvm_args: -Xmx512m 
java_command: org.symfound.main.Main
java_class_path (initial): D:\Volunteer\SpeakYourMind\NetBeans\SYMPLE\symple-main\target\classes;C:\Users\Javed\.m2\repository\log4j\log4j\1.2.16\log4j-1.2.16.jar;C:\Users\Javed\.m2\repository\org\symfound\symple-audio\2.0.0\symple-audio-2.0.0.jar;D:\Volunteer\SpeakYourMind\NetBeans\SYMPLE\symple-tools\target\classes;C:\Users\Javed\.m2\repository\com\mpatric\mp3agic\0.8.3\mp3agic-0.8.3.jar;D:\Volunteer\SpeakYourMind\NetBeans\SYMPLE\symple-text\target\classes;C:\Users\Javed\.m2\repository\org\symfound\symple-comm\2.0.0\symple-comm-2.0.0.jar;C:\Users\Javed\.m2\repository\net\sf\bluecove\bluecove\2.1.0\bluecove-2.1.0.jar;C:\Users\Javed\.m2\repository\com\googlecode\json-simple\json-simple\1.1.1\json-simple-1.1.1.jar;C:\Users\Javed\.m2\repository\junit\junit\4.10\junit-4.10.jar;C:\Users\Javed\.m2\repository\org\hamcrest\hamcrest-core\1.1\hamcrest-core-1.1.jar;C:\Users\Javed\.m2\repository\javax\mail\mail\1.4.7\mail-1.4.7.jar;C:\Users\Javed\.m2\repository\javax\activation\activation\1.1\activation-1.1.jar;C:\Users\Javed\.m2\repository\com\rometools\rome\1.9.0\rome-1.9.0.jar;C:\Users\Javed\.m2\repository\com\rometools\rome-utils\1.9.0\rome-utils-1.9.0.jar;C:\Users\Javed\.m2\repository\org\jdom\jdom2\2.0.6\jdom2-2.0.6.jar;C:\Users\Javed\.m2\repository\org\jsoup\jsoup\1.11.2\jsoup-1.11.2.jar;C:\Users\Javed\.m2\repository\org\apache\httpcomponents\httpclient\4.5.1\httpclient-4.5.1.jar;C:\Users\Javed\.m2\repository\commons-logging\commons-logging\1.2\commons-logging-1.2.jar;C:\Users\Javed\.m2\repository\commons-codec\commons-codec\1.9\commons-codec-1.9.jar;C:\Users\Javed\.m2\repository\org\apache\httpcomponents\httpcore\4.4.3\httpcore-4.4.3.jar;C:\Users\Javed\.m2\repository\com\google\api-client\google-api-client\1.23.0\google-api-client-1.23.0.jar;C:\Users\Javed\.m2\repository\com\google\oauth-client\google-oauth-client\1.23.0\google-oauth-client-1.23.0.jar;C:\Users\Javed\.m2\repository\com\google\http-client\google-http-client\1.23.0\google-http-client-1.23.0.jar;C:\Users
Launcher Type: SUN_STANDARD

Environment Variables:
JAVA_HOME=C:\Program Files\Java\jdk1.8.0_131
PATH=C:\ProgramData\Oracle\Java\javapath;C:\Program Files (x86)\Intel\iCLS Client\;C:\Program Files\Intel\iCLS Client\;C:\WINDOWS\system32;C:\WINDOWS;C:\WINDOWS\System32\Wbem;C:\WINDOWS\System32\WindowsPowerShell\v1.0\;C:\Program Files\Intel\Intel(R) Management Engine Components\DAL;C:\Program Files (x86)\Intel\Intel(R) Management Engine Components\DAL;C:\Program Files\Intel\Intel(R) Management Engine Components\IPT;C:\Program Files (x86)\Intel\Intel(R) Management Engine Components\IPT;C:\Program Files\Microsoft SQL Server\110\Tools\Binn\;C:\Program Files\Microsoft SQL Server\120\Tools\Binn\;C:\Program Files\Apache\Maven\bin;C:\Program Files (x86)\WiX Toolset v3.9\bin;C:\Program Files\Intel\WiFi\bin\;C:\Program Files\Common Files\Intel\WirelessCommon\;C:\Program Files (x86)\GtkSharp\2.12\bin;C:\Program Files\Microsoft SQL Server\130\Tools\Binn\;C:\Program Files\dotnet\;C:\Users\Javed\AppData\Local\Microsoft\WindowsApps;
USERNAME=Javed
OS=Windows_NT
PROCESSOR_IDENTIFIER=Intel64 Family 6 Model 61 Stepping 4, GenuineIntel



---------------  S Y S T E M  ---------------

OS: Windows 10.0 , 64 bit Build 16299 (10.0.16299.15)

CPU:total 4 (initial active 4) (2 cores per cpu, 2 threads per core) family 6 model 61 stepping 4, cmov, cx8, fxsr, mmx, sse, sse2, sse3, ssse3, sse4.1, sse4.2, popcnt, avx, avx2, aes, clmul, erms, 3dnowpref, lzcnt, ht, tsc, tscinvbit, bmi1, bmi2, adx

Memory: 4k page, physical 8301904k(1289372k free), swap 11086376k(2646680k free)

vm_info: Java HotSpot(TM) 64-Bit Server VM (25.131-b11) for windows-amd64 JRE (1.8.0_131-b11), built on Mar 15 2017 01:23:53 by "java_re" with MS VC++ 10.0 (VS2010)

time: Wed Apr 04 11:57:06 2018
elapsed time: 1016 seconds (0d 0h 16m 56s)

